#
# There is insufficient memory for the Java Runtime Environment to continue.
# Native memory allocation (malloc) failed to allocate 32744 bytes for ChunkPool::allocate
# Possible reasons:
#   The system is out of physical RAM or swap space
#   The process is running with CompressedOops enabled, and the Java Heap may be blocking the growth of the native heap
# Possible solutions:
#   Reduce memory load on the system
#   Increase physical memory or swap space
#   Check if swap backing store is full
#   Decrease Java heap size (-Xmx/-Xms)
#   Decrease number of Java threads
#   Decrease Java thread stack sizes (-Xss)
#   Set larger code cache with -XX:ReservedCodeCacheSize=
#   JVM is running with Unscaled Compressed Oops mode in which the Java heap is
#     placed in the first 4GB address space. The Java Heap base address is the
#     maximum limit for the native heap growth. Please use -XX:HeapBaseMinAddress
#     to set the Java Heap base and to place the Java Heap above 4GB virtual address.
# This output file may be truncated or incomplete.
#
#  Out of Memory Error (./open/src/hotspot/share/memory/arena.cpp:81), pid=3764, tid=6992
#
# JRE version: Java(TM) SE Runtime Environment 18.9 (11.0.12+8) (build 11.0.12+8-LTS-237)
# Java VM: Java HotSpot(TM) 64-Bit Server VM 18.9 (11.0.12+8-LTS-237, mixed mode, tiered, compressed oops, g1 gc, windows-amd64)
# No core dump will be written. Minidumps are not enabled by default on client versions of Windows
#

---------------  S U M M A R Y ------------

Command Line: -Dclassworlds.conf=D:\NetBeans-12.6\netbeans\java\maven\bin\..\bin\m2.conf -Dmaven.home=D:\NetBeans-12.6\netbeans\java\maven\bin\.. -Dlibrary.jansi.path=D:\NetBeans-12.6\netbeans\java\maven\bin\..\lib\jansi-native -Dmaven.multiModuleProjectDirectory=C:\Users\JUAN\Desktop\TE_ventas-main org.codehaus.plexus.classworlds.launcher.Launcher -Dnetbeans.deploy=true -Dexec.vmArgs= -Dexec.appArgs= -Dmaven.ext.class.path=D:\NetBeans-12.6\netbeans\java\maven-nblib\netbeans-eventspy.jar -Dfile.encoding=UTF-8 package

Host: Celeron(R) Dual-Core CPU       T3300  @ 2.00GHz, 2 cores, 3G,  Windows 10 , 64 bit Build 18362 (10.0.18362.329)
Time: Tue Jun 27 16:38:08 2023 Hora estándar oeste, Sudamérica elapsed time: 22.481370 seconds (0d 0h 0m 22s)

---------------  T H R E A D  ---------------

Current thread (0x000002094b319800):  JavaThread "C2 CompilerThread0" daemon [_thread_in_native, id=6992, stack(0x000000a10a000000,0x000000a10a100000)]


Current CompileTask:
C2:  22481 2783       4       org.codehaus.plexus.util.xml.Xpp3Dom::<init> (125 bytes)

Stack: [0x000000a10a000000,0x000000a10a100000]
Native frames: (J=compiled Java code, j=interpreted, Vv=VM code, C=native code)
V  [jvm.dll+0x617d9a]
V  [jvm.dll+0x74eeef]
V  [jvm.dll+0x750599]
V  [jvm.dll+0x750c23]
V  [jvm.dll+0x2438d8]
V  [jvm.dll+0xba93b]
V  [jvm.dll+0xbac9c]
V  [jvm.dll+0xba7eb]
V  [jvm.dll+0x5f821f]
V  [jvm.dll+0x647663]
V  [jvm.dll+0x19413d]
V  [jvm.dll+0x1fd212]
V  [jvm.dll+0x1fc2ed]
V  [jvm.dll+0x17f18c]
V  [jvm.dll+0x20b87c]
V  [jvm.dll+0x20997b]
V  [jvm.dll+0x716359]
V  [jvm.dll+0x70f064]
V  [jvm.dll+0x616f66]
C  [ucrtbase.dll+0x20e72]
C  [KERNEL32.DLL+0x17bd4]
C  [ntdll.dll+0x6ced1]


---------------  P R O C E S S  ---------------

Threads class SMR info:
_java_thread_list=0x000002094b5a3420, length=10, elements={
0x000002092f0ae800, 0x000002094b2aa000, 0x000002094b2ab800, 0x000002094b2cb800,
0x000002094b2ce000, 0x000002094b2d0000, 0x000002094b319800, 0x000002094b31a000,
0x000002094b32a800, 0x000002094b5b8000
}

Java Threads: ( => current thread )
  0x000002092f0ae800 JavaThread "main" [_thread_in_native, id=7636, stack(0x000000a109300000,0x000000a109400000)]
  0x000002094b2aa000 JavaThread "Reference Handler" daemon [_thread_blocked, id=8036, stack(0x000000a109b00000,0x000000a109c00000)]
  0x000002094b2ab800 JavaThread "Finalizer" daemon [_thread_blocked, id=7788, stack(0x000000a109c00000,0x000000a109d00000)]
  0x000002094b2cb800 JavaThread "Signal Dispatcher" daemon [_thread_blocked, id=3136, stack(0x000000a109d00000,0x000000a109e00000)]
  0x000002094b2ce000 JavaThread "Attach Listener" daemon [_thread_blocked, id=7828, stack(0x000000a109e00000,0x000000a109f00000)]
  0x000002094b2d0000 JavaThread "Service Thread" daemon [_thread_blocked, id=7476, stack(0x000000a109f00000,0x000000a10a000000)]
=>0x000002094b319800 JavaThread "C2 CompilerThread0" daemon [_thread_in_native, id=6992, stack(0x000000a10a000000,0x000000a10a100000)]
  0x000002094b31a000 JavaThread "C1 CompilerThread0" daemon [_thread_blocked, id=5704, stack(0x000000a10a100000,0x000000a10a200000)]
  0x000002094b32a800 JavaThread "Sweeper thread" daemon [_thread_blocked, id=1984, stack(0x000000a10a200000,0x000000a10a300000)]
  0x000002094b5b8000 JavaThread "Common-Cleaner" daemon [_thread_blocked, id=7596, stack(0x000000a10a400000,0x000000a10a500000)]

Other Threads:
  0x000002094b286800 VMThread "VM Thread" [stack: 0x000000a109a00000,0x000000a109b00000] [id=908]
  0x000002094b5b6800 WatcherThread [stack: 0x000000a10a300000,0x000000a10a400000] [id=932]
  0x000002092f0c3000 GCTaskThread "GC Thread#0" [stack: 0x000000a109500000,0x000000a109600000] [id=6096]
  0x000002094b933000 GCTaskThread "GC Thread#1" [stack: 0x000000a10a500000,0x000000a10a600000] [id=6224]
  0x000002092f0dc800 ConcurrentGCThread "G1 Main Marker" [stack: 0x000000a109600000,0x000000a109700000] [id=3528]
  0x000002092f0e0000 ConcurrentGCThread "G1 Conc#0" [stack: 0x000000a109700000,0x000000a109800000] [id=6512]
  0x000002092f12e800 ConcurrentGCThread "G1 Refine#0" [stack: 0x000000a109800000,0x000000a109900000] [id=4448]
  0x000002092f12f800 ConcurrentGCThread "G1 Young RemSet Sampling" [stack: 0x000000a109900000,0x000000a109a00000] [id=5268]

Threads with active compile tasks:
C2 CompilerThread0  23426 2783       4       org.codehaus.plexus.util.xml.Xpp3Dom::<init> (125 bytes)

VM state:not at safepoint (normal execution)

VM Mutex/Monitor currently owned by a thread: None

Heap address: 0x00000000c0800000, size: 1016 MB, Compressed Oops mode: 32-bit
Narrow klass base: 0x0000000000000000, Narrow klass shift: 3
Compressed class space size: 1073741824 Address: 0x0000000100000000

Heap:
 garbage-first heap   total 65536K, used 22781K [0x00000000c0800000, 0x0000000100000000)
  region size 1024K, 20 young (20480K), 4 survivors (4096K)
 Metaspace       used 20996K, capacity 21444K, committed 21808K, reserved 1069056K
  class space    used 2215K, capacity 2317K, committed 2432K, reserved 1048576K
Heap Regions: E=young(eden), S=young(survivor), O=old, HS=humongous(starts), HC=humongous(continues), CS=collection set, F=free, A=archive, TAMS=top-at-mark-start (previous, next)
|   0|0x00000000c0800000, 0x00000000c0900000, 0x00000000c0900000|100%| O|  |TAMS 0x00000000c0900000, 0x00000000c0800000| Untracked 
|   1|0x00000000c0900000, 0x00000000c0a00000, 0x00000000c0a00000|100%| O|  |TAMS 0x00000000c0a00000, 0x00000000c0900000| Untracked 
|   2|0x00000000c0a00000, 0x00000000c0b00000, 0x00000000c0b00000|100%| O|  |TAMS 0x00000000c0b00000, 0x00000000c0a00000| Untracked 
|   3|0x00000000c0b00000, 0x00000000c0b54000, 0x00000000c0c00000| 32%| O|  |TAMS 0x00000000c0b54000, 0x00000000c0b00000| Untracked 
|   4|0x00000000c0c00000, 0x00000000c0c00000, 0x00000000c0d00000|  0%| F|  |TAMS 0x00000000c0c00000, 0x00000000c0c00000| Untracked 
|   5|0x00000000c0d00000, 0x00000000c0d00000, 0x00000000c0e00000|  0%| F|  |TAMS 0x00000000c0d00000, 0x00000000c0d00000| Untracked 
|   6|0x00000000c0e00000, 0x00000000c0e00000, 0x00000000c0f00000|  0%| F|  |TAMS 0x00000000c0e00000, 0x00000000c0e00000| Untracked 
|   7|0x00000000c0f00000, 0x00000000c0f00000, 0x00000000c1000000|  0%| F|  |TAMS 0x00000000c0f00000, 0x00000000c0f00000| Untracked 
|   8|0x00000000c1000000, 0x00000000c1000000, 0x00000000c1100000|  0%| F|  |TAMS 0x00000000c1000000, 0x00000000c1000000| Untracked 
|   9|0x00000000c1100000, 0x00000000c1100000, 0x00000000c1200000|  0%| F|  |TAMS 0x00000000c1100000, 0x00000000c1100000| Untracked 
|  10|0x00000000c1200000, 0x00000000c1200000, 0x00000000c1300000|  0%| F|  |TAMS 0x00000000c1200000, 0x00000000c1200000| Untracked 
|  11|0x00000000c1300000, 0x00000000c1300000, 0x00000000c1400000|  0%| F|  |TAMS 0x00000000c1300000, 0x00000000c1300000| Untracked 
|  12|0x00000000c1400000, 0x00000000c1400000, 0x00000000c1500000|  0%| F|  |TAMS 0x00000000c1400000, 0x00000000c1400000| Untracked 
|  13|0x00000000c1500000, 0x00000000c1500000, 0x00000000c1600000|  0%| F|  |TAMS 0x00000000c1500000, 0x00000000c1500000| Untracked 
|  14|0x00000000c1600000, 0x00000000c1600000, 0x00000000c1700000|  0%| F|  |TAMS 0x00000000c1600000, 0x00000000c1600000| Untracked 
|  15|0x00000000c1700000, 0x00000000c1700000, 0x00000000c1800000|  0%| F|  |TAMS 0x00000000c1700000, 0x00000000c1700000| Untracked 
|  16|0x00000000c1800000, 0x00000000c1800000, 0x00000000c1900000|  0%| F|  |TAMS 0x00000000c1800000, 0x00000000c1800000| Untracked 
|  17|0x00000000c1900000, 0x00000000c1900000, 0x00000000c1a00000|  0%| F|  |TAMS 0x00000000c1900000, 0x00000000c1900000| Untracked 
|  18|0x00000000c1a00000, 0x00000000c1a00000, 0x00000000c1b00000|  0%| F|  |TAMS 0x00000000c1a00000, 0x00000000c1a00000| Untracked 
|  19|0x00000000c1b00000, 0x00000000c1b00000, 0x00000000c1c00000|  0%| F|  |TAMS 0x00000000c1b00000, 0x00000000c1b00000| Untracked 
|  20|0x00000000c1c00000, 0x00000000c1c00000, 0x00000000c1d00000|  0%| F|  |TAMS 0x00000000c1c00000, 0x00000000c1c00000| Untracked 
|  21|0x00000000c1d00000, 0x00000000c1d00000, 0x00000000c1e00000|  0%| F|  |TAMS 0x00000000c1d00000, 0x00000000c1d00000| Untracked 
|  22|0x00000000c1e00000, 0x00000000c1e00000, 0x00000000c1f00000|  0%| F|  |TAMS 0x00000000c1e00000, 0x00000000c1e00000| Untracked 
|  23|0x00000000c1f00000, 0x00000000c1f00000, 0x00000000c2000000|  0%| F|  |TAMS 0x00000000c1f00000, 0x00000000c1f00000| Untracked 
|  24|0x00000000c2000000, 0x00000000c2000000, 0x00000000c2100000|  0%| F|  |TAMS 0x00000000c2000000, 0x00000000c2000000| Untracked 
|  25|0x00000000c2100000, 0x00000000c2100000, 0x00000000c2200000|  0%| F|  |TAMS 0x00000000c2100000, 0x00000000c2100000| Untracked 
|  26|0x00000000c2200000, 0x00000000c2200000, 0x00000000c2300000|  0%| F|  |TAMS 0x00000000c2200000, 0x00000000c2200000| Untracked 
|  27|0x00000000c2300000, 0x00000000c2300000, 0x00000000c2400000|  0%| F|  |TAMS 0x00000000c2300000, 0x00000000c2300000| Untracked 
|  28|0x00000000c2400000, 0x00000000c2400000, 0x00000000c2500000|  0%| F|  |TAMS 0x00000000c2400000, 0x00000000c2400000| Untracked 
|  29|0x00000000c2500000, 0x00000000c2500000, 0x00000000c2600000|  0%| F|  |TAMS 0x00000000c2500000, 0x00000000c2500000| Untracked 
|  30|0x00000000c2600000, 0x00000000c2600000, 0x00000000c2700000|  0%| F|  |TAMS 0x00000000c2600000, 0x00000000c2600000| Untracked 
|  31|0x00000000c2700000, 0x00000000c2700000, 0x00000000c2800000|  0%| F|  |TAMS 0x00000000c2700000, 0x00000000c2700000| Untracked 
|  32|0x00000000c2800000, 0x00000000c2800000, 0x00000000c2900000|  0%| F|  |TAMS 0x00000000c2800000, 0x00000000c2800000| Untracked 
|  33|0x00000000c2900000, 0x00000000c2900000, 0x00000000c2a00000|  0%| F|  |TAMS 0x00000000c2900000, 0x00000000c2900000| Untracked 
|  34|0x00000000c2a00000, 0x00000000c2a00000, 0x00000000c2b00000|  0%| F|  |TAMS 0x00000000c2a00000, 0x00000000c2a00000| Untracked 
|  35|0x00000000c2b00000, 0x00000000c2b00000, 0x00000000c2c00000|  0%| F|  |TAMS 0x00000000c2b00000, 0x00000000c2b00000| Untracked 
|  36|0x00000000c2c00000, 0x00000000c2c00000, 0x00000000c2d00000|  0%| F|  |TAMS 0x00000000c2c00000, 0x00000000c2c00000| Untracked 
|  37|0x00000000c2d00000, 0x00000000c2d00000, 0x00000000c2e00000|  0%| F|  |TAMS 0x00000000c2d00000, 0x00000000c2d00000| Untracked 
|  38|0x00000000c2e00000, 0x00000000c2e00000, 0x00000000c2f00000|  0%| F|  |TAMS 0x00000000c2e00000, 0x00000000c2e00000| Untracked 
|  39|0x00000000c2f00000, 0x00000000c2f00000, 0x00000000c3000000|  0%| F|  |TAMS 0x00000000c2f00000, 0x00000000c2f00000| Untracked 
|  40|0x00000000c3000000, 0x00000000c3000000, 0x00000000c3100000|  0%| F|  |TAMS 0x00000000c3000000, 0x00000000c3000000| Untracked 
|  41|0x00000000c3100000, 0x00000000c3100000, 0x00000000c3200000|  0%| F|  |TAMS 0x00000000c3100000, 0x00000000c3100000| Untracked 
|  42|0x00000000c3200000, 0x00000000c3200000, 0x00000000c3300000|  0%| F|  |TAMS 0x00000000c3200000, 0x00000000c3200000| Untracked 
|  43|0x00000000c3300000, 0x00000000c3300000, 0x00000000c3400000|  0%| F|  |TAMS 0x00000000c3300000, 0x00000000c3300000| Untracked 
|  44|0x00000000c3400000, 0x00000000c3500000, 0x00000000c3500000|100%| E|  |TAMS 0x00000000c3400000, 0x00000000c3400000| Complete 
|  45|0x00000000c3500000, 0x00000000c35eb698, 0x00000000c3600000| 91%| S|CS|TAMS 0x00000000c3500000, 0x00000000c3500000| Complete 
|  46|0x00000000c3600000, 0x00000000c3700000, 0x00000000c3700000|100%| S|CS|TAMS 0x00000000c3600000, 0x00000000c3600000| Complete 
|  47|0x00000000c3700000, 0x00000000c3800000, 0x00000000c3800000|100%| S|CS|TAMS 0x00000000c3700000, 0x00000000c3700000| Complete 
|  48|0x00000000c3800000, 0x00000000c3900000, 0x00000000c3900000|100%| S|CS|TAMS 0x00000000c3800000, 0x00000000c3800000| Complete 
|  49|0x00000000c3900000, 0x00000000c3a00000, 0x00000000c3a00000|100%| E|CS|TAMS 0x00000000c3900000, 0x00000000c3900000| Complete 
|  50|0x00000000c3a00000, 0x00000000c3b00000, 0x00000000c3b00000|100%| E|CS|TAMS 0x00000000c3a00000, 0x00000000c3a00000| Complete 
|  51|0x00000000c3b00000, 0x00000000c3c00000, 0x00000000c3c00000|100%| E|CS|TAMS 0x00000000c3b00000, 0x00000000c3b00000| Complete 
|  52|0x00000000c3c00000, 0x00000000c3d00000, 0x00000000c3d00000|100%| E|CS|TAMS 0x00000000c3c00000, 0x00000000c3c00000| Complete 
|  53|0x00000000c3d00000, 0x00000000c3e00000, 0x00000000c3e00000|100%| E|CS|TAMS 0x00000000c3d00000, 0x00000000c3d00000| Complete 
|  54|0x00000000c3e00000, 0x00000000c3f00000, 0x00000000c3f00000|100%| E|CS|TAMS 0x00000000c3e00000, 0x00000000c3e00000| Complete 
|  55|0x00000000c3f00000, 0x00000000c4000000, 0x00000000c4000000|100%| E|CS|TAMS 0x00000000c3f00000, 0x00000000c3f00000| Complete 
|  56|0x00000000c4000000, 0x00000000c4100000, 0x00000000c4100000|100%| E|CS|TAMS 0x00000000c4000000, 0x00000000c4000000| Complete 
|  57|0x00000000c4100000, 0x00000000c4200000, 0x00000000c4200000|100%| E|CS|TAMS 0x00000000c4100000, 0x00000000c4100000| Complete 
|  58|0x00000000c4200000, 0x00000000c4300000, 0x00000000c4300000|100%| E|CS|TAMS 0x00000000c4200000, 0x00000000c4200000| Complete 
|  59|0x00000000c4300000, 0x00000000c4400000, 0x00000000c4400000|100%| E|CS|TAMS 0x00000000c4300000, 0x00000000c4300000| Complete 
|  60|0x00000000c4400000, 0x00000000c4500000, 0x00000000c4500000|100%| E|CS|TAMS 0x00000000c4400000, 0x00000000c4400000| Complete 
|  61|0x00000000c4500000, 0x00000000c4600000, 0x00000000c4600000|100%| E|CS|TAMS 0x00000000c4500000, 0x00000000c4500000| Complete 
|  62|0x00000000c4600000, 0x00000000c4700000, 0x00000000c4700000|100%| E|CS|TAMS 0x00000000c4600000, 0x00000000c4600000| Complete 
|  63|0x00000000c4700000, 0x00000000c4800000, 0x00000000c4800000|100%| E|CS|TAMS 0x00000000c4700000, 0x00000000c4700000| Complete 

Card table byte_map: [0x000002092ee80000,0x000002092f080000] _byte_map_base: 0x000002092e87c000

Marking Bits (Prev, Next): (CMBitMap*) 0x000002092f0d7c90, (CMBitMap*) 0x000002092f0d7c58
 Prev Bits: [0x0000020947740000, 0x0000020948720000)
 Next Bits: [0x0000020946760000, 0x0000020947740000)

Polling page: 0x000002092d070000

Metaspace:

Usage:
  Non-class:     18.68 MB capacity,    18.34 MB ( 98%) used,   322.18 KB (  2%) free+waste,    23.56 KB ( <1%) overhead. 
      Class:      2.26 MB capacity,     2.16 MB ( 96%) used,    92.23 KB (  4%) free+waste,     9.19 KB ( <1%) overhead. 
       Both:     20.94 MB capacity,    20.50 MB ( 98%) used,   414.41 KB (  2%) free+waste,    32.75 KB ( <1%) overhead. 

Virtual space:
  Non-class space:       20.00 MB reserved,      18.92 MB ( 95%) committed 
      Class space:        1.00 GB reserved,       2.38 MB ( <1%) committed 
             Both:        1.02 GB reserved,      21.30 MB (  2%) committed 

Chunk freelists:
   Non-Class:  1.13 KB
       Class:  2.38 KB
        Both:  3.50 KB

CodeHeap 'non-profiled nmethods': size=120064Kb used=1221Kb max_used=1221Kb free=118842Kb
 bounds [0x000002093f020000, 0x000002093f290000, 0x0000020946560000]
CodeHeap 'profiled nmethods': size=120000Kb used=5957Kb max_used=5957Kb free=114042Kb
 bounds [0x0000020937af0000, 0x00000209380d0000, 0x000002093f020000]
CodeHeap 'non-nmethods': size=5696Kb used=1096Kb max_used=1121Kb free=4599Kb
 bounds [0x0000020937560000, 0x00000209377d0000, 0x0000020937af0000]
 total_blobs=3328 nmethods=2904 adapters=336
 compilation: enabled
              stopped_count=0, restarted_count=0
 full_count=0

Compilation events (10 events):
Event: 22.402 Thread 0x000002094b31a000 2881       1       org.eclipse.aether.internal.impl.collect.DataPool$GraphKey::hashCode (5 bytes)
Event: 22.403 Thread 0x000002094b31a000 nmethod 2881 0x000002093f14fb10 code [0x000002093f14fca0, 0x000002093f14fd58]
Event: 22.403 Thread 0x000002094b31a000 2882       3       java.lang.Integer::hashCode (8 bytes)
Event: 22.403 Thread 0x000002094b31a000 nmethod 2882 0x00000209380b3990 code [0x00000209380b3b40, 0x00000209380b3c98]
Event: 22.416 Thread 0x000002094b31a000 2883       3       java.io.BufferedReader::readLine (6 bytes)
Event: 22.416 Thread 0x000002094b31a000 nmethod 2883 0x00000209380b3d90 code [0x00000209380b3f40, 0x00000209380b4088]
Event: 22.421 Thread 0x000002094b31a000 2884   !   3       java.io.FileInputStream::close (69 bytes)
Event: 22.422 Thread 0x000002094b31a000 nmethod 2884 0x00000209380b4110 code [0x00000209380b4300, 0x00000209380b48b8]
Event: 22.423 Thread 0x000002094b31a000 2885       3       org.eclipse.aether.util.version.GenericVersion$Tokenizer::next (231 bytes)
Event: 22.426 Thread 0x000002094b31a000 nmethod 2885 0x00000209380b4a90 code [0x00000209380b4d20, 0x00000209380b5c08]

GC Heap History (10 events):
Event: 3.801 GC heap before
{Heap before GC invocations=1 (full 0):
 garbage-first heap   total 65536K, used 7220K [0x00000000c0800000, 0x0000000100000000)
  region size 1024K, 6 young (6144K), 1 survivors (1024K)
 Metaspace       used 10447K, capacity 10633K, committed 10880K, reserved 1058816K
  class space    used 973K, capacity 1056K, committed 1152K, reserved 1048576K
}
Event: 3.813 GC heap after
{Heap after GC invocations=2 (full 0):
 garbage-first heap   total 65536K, used 3126K [0x00000000c0800000, 0x0000000100000000)
  region size 1024K, 1 young (1024K), 1 survivors (1024K)
 Metaspace       used 10447K, capacity 10633K, committed 10880K, reserved 1058816K
  class space    used 973K, capacity 1056K, committed 1152K, reserved 1048576K
}
Event: 7.817 GC heap before
{Heap before GC invocations=2 (full 0):
 garbage-first heap   total 65536K, used 15414K [0x00000000c0800000, 0x0000000100000000)
  region size 1024K, 13 young (13312K), 1 survivors (1024K)
 Metaspace       used 12569K, capacity 12789K, committed 12928K, reserved 1060864K
  class space    used 1263K, capacity 1348K, committed 1408K, reserved 1048576K
}
Event: 7.826 GC heap after
{Heap after GC invocations=3 (full 0):
 garbage-first heap   total 65536K, used 3664K [0x00000000c0800000, 0x0000000100000000)
  region size 1024K, 2 young (2048K), 2 survivors (2048K)
 Metaspace       used 12569K, capacity 12789K, committed 12928K, reserved 1060864K
  class space    used 1263K, capacity 1348K, committed 1408K, reserved 1048576K
}
Event: 11.285 GC heap before
{Heap before GC invocations=3 (full 0):
 garbage-first heap   total 65536K, used 21072K [0x00000000c0800000, 0x0000000100000000)
  region size 1024K, 19 young (19456K), 2 survivors (2048K)
 Metaspace       used 14483K, capacity 14649K, committed 14976K, reserved 1062912K
  class space    used 1499K, capacity 1581K, committed 1664K, reserved 1048576K
}
Event: 11.303 GC heap after
{Heap after GC invocations=4 (full 0):
 garbage-first heap   total 65536K, used 4192K [0x00000000c0800000, 0x0000000100000000)
  region size 1024K, 2 young (2048K), 2 survivors (2048K)
 Metaspace       used 14483K, capacity 14649K, committed 14976K, reserved 1062912K
  class space    used 1499K, capacity 1581K, committed 1664K, reserved 1048576K
}
Event: 16.051 GC heap before
{Heap before GC invocations=4 (full 0):
 garbage-first heap   total 65536K, used 31840K [0x00000000c0800000, 0x0000000100000000)
  region size 1024K, 29 young (29696K), 2 survivors (2048K)
 Metaspace       used 19492K, capacity 19858K, committed 19968K, reserved 1067008K
  class space    used 2110K, capacity 2214K, committed 2304K, reserved 1048576K
}
Event: 16.071 GC heap after
{Heap after GC invocations=5 (full 0):
 garbage-first heap   total 65536K, used 6089K [0x00000000c0800000, 0x0000000100000000)
  region size 1024K, 4 young (4096K), 4 survivors (4096K)
 Metaspace       used 19492K, capacity 19858K, committed 19968K, reserved 1067008K
  class space    used 2110K, capacity 2214K, committed 2304K, reserved 1048576K
}
Event: 18.787 GC heap before
{Heap before GC invocations=5 (full 0):
 garbage-first heap   total 65536K, used 20425K [0x00000000c0800000, 0x0000000100000000)
  region size 1024K, 19 young (19456K), 4 survivors (4096K)
 Metaspace       used 20735K, capacity 21123K, committed 21296K, reserved 1069056K
  class space    used 2207K, capacity 2317K, committed 2432K, reserved 1048576K
}
Event: 18.809 GC heap after
{Heap after GC invocations=6 (full 0):
 garbage-first heap   total 65536K, used 7421K [0x00000000c0800000, 0x0000000100000000)
  region size 1024K, 4 young (4096K), 4 survivors (4096K)
 Metaspace       used 20735K, capacity 21123K, committed 21296K, reserved 1069056K
  class space    used 2207K, capacity 2317K, committed 2432K, reserved 1048576K
}

Deoptimization events (10 events):
Event: 17.043 Thread 0x000002092f0ae800 Uncommon trap: reason=unstable_if action=reinterpret pc=0x000002093f06ab94 method=sun.nio.cs.UTF_8$Decoder.decodeArrayLoop(Ljava/nio/ByteBuffer;Ljava/nio/CharBuffer;)Ljava/nio/charset/CoderResult; @ 84 c2
Event: 17.371 Thread 0x000002092f0ae800 Uncommon trap: reason=unstable_if action=reinterpret pc=0x000002093f0e49f4 method=org.codehaus.plexus.util.xml.pull.MXParser.nextImpl()I @ 1161 c2
Event: 18.529 Thread 0x000002092f0ae800 Uncommon trap: reason=unstable_if action=reinterpret pc=0x000002093f0efbcc method=org.codehaus.plexus.util.xml.pull.MXParser.nextImpl()I @ 972 c2
Event: 18.551 Thread 0x000002092f0ae800 Uncommon trap: reason=class_check action=make_not_entrant pc=0x000002093f10d8f4 method=java.util.ArrayList.toArray([Ljava/lang/Object;)[Ljava/lang/Object; @ 21 c2
Event: 18.551 Thread 0x000002092f0ae800 Uncommon trap: reason=intrinsic_or_type_checked_inlining action=make_not_entrant pc=0x000002093f10e864 method=java.util.Arrays.copyOf([Ljava/lang/Object;ILjava/lang/Class;)[Ljava/lang/Object; @ 35 c2
Event: 18.723 Thread 0x000002092f0ae800 Uncommon trap: reason=unstable_if action=reinterpret pc=0x000002093f081038 method=java.lang.String.regionMatches(ZILjava/lang/String;II)Z @ 21 c2
Event: 18.784 Thread 0x000002092f0ae800 Uncommon trap: reason=unstable_if action=reinterpret pc=0x000002093f0a2414 method=java.util.HashMap.hash(Ljava/lang/Object;)I @ 1 c2
Event: 18.845 Thread 0x000002092f0ae800 Uncommon trap: reason=unstable_if action=reinterpret pc=0x000002093f079bac method=java.util.HashMap.hash(Ljava/lang/Object;)I @ 1 c2
Event: 18.845 Thread 0x000002092f0ae800 Uncommon trap: reason=unstable_if action=reinterpret pc=0x000002093f09c3e0 method=java.util.HashMap.getNode(ILjava/lang/Object;)Ljava/util/HashMap$Node; @ 53 c2
Event: 19.939 Thread 0x000002092f0ae800 Uncommon trap: reason=predicate action=maybe_recompile pc=0x000002093f11c318 method=java.util.AbstractCollection.toArray([Ljava/lang/Object;)[Ljava/lang/Object; @ 43 c2

Classes redefined (0 events):
No events

Internal exceptions (7 events):
Event: 1.391 Thread 0x000002092f0ae800 Exception <a 'java/lang/NoSuchMethodError'{0x00000000c440b7d0}: java.lang.invoke.DirectMethodHandle$Holder.invokeSpecialIFC(Ljava/lang/Object;Ljava/lang/Object;I)I> (0x00000000c440b7d0) thrown at [./open/src/hotspot/share/interpreter/linkResolver.cpp, lin
Event: 14.578 Thread 0x000002092f0ae800 Exception <a 'java/lang/NoClassDefFoundError'{0x00000000c3557048}: com/google/inject/servlet/ServletModuleTargetVisitor> (0x00000000c3557048) thrown at [./open/src/hotspot/share/classfile/systemDictionary.cpp, line 217]
Event: 14.578 Thread 0x000002092f0ae800 Exception <a 'java/lang/NoClassDefFoundError'{0x00000000c3557048}> (0x00000000c3557048) thrown at [./open/src/hotspot/share/prims/jvm.cpp, line 1309]
Event: 14.579 Thread 0x000002092f0ae800 Exception <a 'java/lang/NoClassDefFoundError'{0x00000000c355a178}: javax/annotation/Priority> (0x00000000c355a178) thrown at [./open/src/hotspot/share/classfile/systemDictionary.cpp, line 217]
Event: 15.252 Thread 0x000002092f0ae800 Exception <a 'java/lang/NoSuchMethodError'{0x00000000c31be598}: java.lang.invoke.DirectMethodHandle$Holder.invokeStaticInit(Ljava/lang/Object;IIII)Ljava/lang/Object;> (0x00000000c31be598) thrown at [./open/src/hotspot/share/interpreter/linkResolver.cpp, l
Event: 18.784 Thread 0x000002092f0ae800 Implicit null exception at 0x000002093f0a2255 to 0x000002093f0a2404
Event: 18.845 Thread 0x000002092f0ae800 Implicit null exception at 0x000002093f079b2f to 0x000002093f079b9d

Events (10 events):
Event: 18.887 loading class org/apache/maven/plugin/internal/WagonExcluder done
Event: 19.171 Thread 0x000002092f0ae800 DEOPT PACKING pc=0x0000020937f9b3ae sp=0x000000a1093fd200
Event: 19.171 Thread 0x000002092f0ae800 DEOPT UNPACKING pc=0x000002093758643f sp=0x000000a1093fc758 mode 0
Event: 19.939 Thread 0x000002092f0ae800 Uncommon trap: trap_request=0xffffff7e fr.pc=0x000002093f11c318 relative=0x0000000000000798
Event: 19.939 Thread 0x000002092f0ae800 DEOPT PACKING pc=0x000002093f11c318 sp=0x000000a1093fc650
Event: 19.939 Thread 0x000002092f0ae800 DEOPT UNPACKING pc=0x0000020937586029 sp=0x000000a1093fc598 mode 2
Event: 20.749 loading class org/eclipse/aether/graph/Dependency$Exclusions$1
Event: 20.749 loading class org/eclipse/aether/graph/Dependency$Exclusions$1 done
Event: 20.750 loading class org/eclipse/aether/util/graph/selector/ExclusionDependencySelector$ExclusionComparator
Event: 20.750 loading class org/eclipse/aether/util/graph/selector/ExclusionDependencySelector$ExclusionComparator done


Dynamic libraries:
0x00007ff65df00000 - 0x00007ff65df0f000 	D:\Java\jdk-11.0.12\bin\java.exe
0x00007ffbd8da0000 - 0x00007ffbd8f90000 	C:\Windows\SYSTEM32\ntdll.dll
0x00007ffbd8c20000 - 0x00007ffbd8cd2000 	C:\Windows\System32\KERNEL32.DLL
0x00007ffbd69c0000 - 0x00007ffbd6c63000 	C:\Windows\System32\KERNELBASE.dll
0x00007ffbd5e10000 - 0x00007ffbd5f0a000 	C:\Windows\System32\ucrtbase.dll
0x00007ffbacc20000 - 0x00007ffbacc38000 	D:\Java\jdk-11.0.12\bin\jli.dll
0x00007ffbd7c50000 - 0x00007ffbd7cf3000 	C:\Windows\System32\ADVAPI32.dll
0x00007ffbd8380000 - 0x00007ffbd841e000 	C:\Windows\System32\msvcrt.dll
0x00007ffbd8490000 - 0x00007ffbd8527000 	C:\Windows\System32\sechost.dll
0x00007ffbd7030000 - 0x00007ffbd7150000 	C:\Windows\System32\RPCRT4.dll
0x00007ffbd6e90000 - 0x00007ffbd7024000 	C:\Windows\System32\USER32.dll
0x00007ffbd60c0000 - 0x00007ffbd60e1000 	C:\Windows\System32\win32u.dll
0x00007ffbd7d00000 - 0x00007ffbd7d26000 	C:\Windows\System32\GDI32.dll
0x00007ffbd6cf0000 - 0x00007ffbd6e84000 	C:\Windows\System32\gdi32full.dll
0x00007ffbd5d70000 - 0x00007ffbd5e0e000 	C:\Windows\System32\msvcp_win.dll
0x00007ffbd2530000 - 0x00007ffbd2545000 	D:\Java\jdk-11.0.12\bin\VCRUNTIME140.dll
0x00007ffbb7b40000 - 0x00007ffbb7dc5000 	C:\Windows\WinSxS\amd64_microsoft.windows.common-controls_6595b64144ccf1df_6.0.18362.418_none_e6c6b287130d565d\COMCTL32.dll
0x00007ffbd7680000 - 0x00007ffbd79b6000 	C:\Windows\System32\combase.dll
0x00007ffbd6c70000 - 0x00007ffbd6cf0000 	C:\Windows\System32\bcryptPrimitives.dll
0x00007ffbcd590000 - 0x00007ffbcd59a000 	C:\Windows\SYSTEM32\VERSION.dll
0x00007ffbd81b0000 - 0x00007ffbd81de000 	C:\Windows\System32\IMM32.DLL
0x00007ffbcac30000 - 0x00007ffbcaccb000 	D:\Java\jdk-11.0.12\bin\msvcp140.dll
0x00007ffb9ee00000 - 0x00007ffb9f8ff000 	D:\Java\jdk-11.0.12\bin\server\jvm.dll
0x00007ffbd7150000 - 0x00007ffbd7158000 	C:\Windows\System32\PSAPI.DLL
0x00007ffbb9190000 - 0x00007ffbb9199000 	C:\Windows\SYSTEM32\WSOCK32.dll
0x00007ffbd8290000 - 0x00007ffbd82ff000 	C:\Windows\System32\WS2_32.dll
0x00007ffbd3d00000 - 0x00007ffbd3d24000 	C:\Windows\SYSTEM32\WINMM.dll
0x00007ffbd3cd0000 - 0x00007ffbd3cfd000 	C:\Windows\SYSTEM32\WINMMBASE.dll
0x00007ffbd6010000 - 0x00007ffbd605a000 	C:\Windows\System32\cfgmgr32.dll
0x00007ffbd5d50000 - 0x00007ffbd5d61000 	C:\Windows\System32\kernel.appcore.dll
0x00007ffbd2520000 - 0x00007ffbd2530000 	D:\Java\jdk-11.0.12\bin\verify.dll
0x00007ffbccd90000 - 0x00007ffbccf84000 	C:\Windows\SYSTEM32\DBGHELP.DLL
0x00007ffbccd60000 - 0x00007ffbccd8a000 	C:\Windows\SYSTEM32\dbgcore.DLL
0x00007ffbd1a40000 - 0x00007ffbd1a68000 	D:\Java\jdk-11.0.12\bin\java.dll
0x00007ffbd1620000 - 0x00007ffbd162a000 	D:\Java\jdk-11.0.12\bin\jimage.dll
0x00007ffbcad10000 - 0x00007ffbcad26000 	D:\Java\jdk-11.0.12\bin\zip.dll
0x00007ffbd8530000 - 0x00007ffbd8c15000 	C:\Windows\System32\SHELL32.dll
0x00007ffbd75d0000 - 0x00007ffbd7679000 	C:\Windows\System32\shcore.dll
0x00007ffbd60f0000 - 0x00007ffbd686f000 	C:\Windows\System32\windows.storage.dll
0x00007ffbd5d30000 - 0x00007ffbd5d4f000 	C:\Windows\System32\profapi.dll
0x00007ffbd5cc0000 - 0x00007ffbd5d0a000 	C:\Windows\System32\powrprof.dll
0x00007ffbd5cb0000 - 0x00007ffbd5cc0000 	C:\Windows\System32\UMPDC.dll
0x00007ffbd8d40000 - 0x00007ffbd8d92000 	C:\Windows\System32\shlwapi.dll
0x00007ffbd5ff0000 - 0x00007ffbd6007000 	C:\Windows\System32\cryptsp.dll
0x00007ffbcacf0000 - 0x00007ffbcad09000 	D:\Java\jdk-11.0.12\bin\net.dll
0x00007ffbbcb80000 - 0x00007ffbbcc70000 	C:\Windows\SYSTEM32\WINHTTP.dll
0x00007ffbd5520000 - 0x00007ffbd5587000 	C:\Windows\system32\mswsock.dll
0x00007ffbcacd0000 - 0x00007ffbcace2000 	D:\Java\jdk-11.0.12\bin\nio.dll
0x00007ffbcf730000 - 0x00007ffbcf73a000 	D:\NetBeans-12.6\netbeans\java\maven\lib\jansi-native\windows64\jansi.dll

dbghelp: loaded successfully - version: 4.0.5 - missing functions: none
symbol engine: initialized successfully - sym options: 0x614 - pdb path: .;D:\Java\jdk-11.0.12\bin;C:\Windows\SYSTEM32;C:\Windows\WinSxS\amd64_microsoft.windows.common-controls_6595b64144ccf1df_6.0.18362.418_none_e6c6b287130d565d;D:\Java\jdk-11.0.12\bin\server;D:\NetBeans-12.6\netbeans\java\maven\lib\jansi-native\windows64

VM Arguments:
jvm_args: -Dclassworlds.conf=D:\NetBeans-12.6\netbeans\java\maven\bin\..\bin\m2.conf -Dmaven.home=D:\NetBeans-12.6\netbeans\java\maven\bin\.. -Dlibrary.jansi.path=D:\NetBeans-12.6\netbeans\java\maven\bin\..\lib\jansi-native -Dmaven.multiModuleProjectDirectory=C:\Users\JUAN\Desktop\TE_ventas-main 
java_command: org.codehaus.plexus.classworlds.launcher.Launcher -Dnetbeans.deploy=true -Dexec.vmArgs= -Dexec.appArgs= -Dmaven.ext.class.path=D:\NetBeans-12.6\netbeans\java\maven-nblib\netbeans-eventspy.jar -Dfile.encoding=UTF-8 package
java_class_path (initial): D:\NetBeans-12.6\netbeans\java\maven\bin\..\boot\plexus-classworlds-2.6.0.jar
Launcher Type: SUN_STANDARD

[Global flags]
     intx CICompilerCount                          = 2                                         {product} {ergonomic}
     uint ConcGCThreads                            = 1                                         {product} {ergonomic}
     uint G1ConcRefinementThreads                  = 2                                         {product} {ergonomic}
   size_t G1HeapRegionSize                         = 1048576                                   {product} {ergonomic}
    uintx GCDrainStackTargetSize                   = 64                                        {product} {ergonomic}
   size_t InitialHeapSize                          = 67108864                                  {product} {ergonomic}
   size_t MarkStackSize                            = 4194304                                   {product} {ergonomic}
   size_t MaxHeapSize                              = 1065353216                                {product} {ergonomic}
   size_t MaxNewSize                               = 638582784                                 {product} {ergonomic}
   size_t MinHeapDeltaBytes                        = 1048576                                   {product} {ergonomic}
    uintx NonNMethodCodeHeapSize                   = 5825164                                {pd product} {ergonomic}
    uintx NonProfiledCodeHeapSize                  = 122916538                              {pd product} {ergonomic}
    uintx ProfiledCodeHeapSize                     = 122916538                              {pd product} {ergonomic}
    uintx ReservedCodeCacheSize                    = 251658240                              {pd product} {ergonomic}
     bool SegmentedCodeCache                       = true                                      {product} {ergonomic}
     bool UseCompressedClassPointers               = true                                 {lp64_product} {ergonomic}
     bool UseCompressedOops                        = true                                 {lp64_product} {ergonomic}
     bool UseG1GC                                  = true                                      {product} {ergonomic}
     bool UseLargePagesIndividualAllocation        = false                                  {pd product} {ergonomic}

Logging:
Log output configuration:
 #0: stdout all=warning uptime,level,tags
 #1: stderr all=off uptime,level,tags

Environment Variables:
JAVA_HOME=D:\Java\jdk-11.0.12
JRE_HOME=C:\Program Files\Java\jre1.8.0_361
CLASSPATH=D:\opt\apache-tomcat-9.0.65\lib
PATH=C:\Program Files\Eclipse Adoptium\jre-11.0.19.7-hotspot;C:\Program Files\Common Files\Oracle\Java\javapath;C:\Program Files (x86)\Common Files\Oracle\Java\javapath;C:\oraclexe\app\oracle\product\11.2.0\server\bin;C:\Windows\system32;C:\Windows;C:\Windows\System32\Wbem;C:\Windows\System32\WindowsPowerShell\v1.0\;C:\Windows\System32\OpenSSH\;D:\Programas\;C:\ProgramData\chocolatey\bin;C:\composer;C:\Bitnami\wappstack-8.0.9-0\postgresql\pgAdmin 4\bin;C:\Program Files\Microsoft SQL Server\120\Tools\Binn\;C:\Program Files\Microsoft SQL Server\Client SDK\ODBC\110\Tools\Binn\;C:\Program Files (x86)\Microsoft SQL Server\120\Tools\Binn\;C:\Program Files\Microsoft SQL Server\120\DTS\Binn\;C:\Program Files (x86)\Microsoft SQL Server\120\Tools\Binn\ManagementStudio\;C:\Program Files (x86)\Microsoft SQL Server\120\DTS\Binn\;C:\Program Files\Microsoft SQL Server\150\Tools\Binn\;C:\Program Files\Microsoft SQL Server\Client SDK\ODBC\170\Tools\Binn\;D:\rational rose\common;C:\Program Files\dotnet\;"C:\Program Files\Eclipse Adoptium\jre-11.0.19.7-hotspot;C:\Program Files\Common Files\Oracle\Java\javapath;C:\Program Files (x86)\Common Files\Oracle\Java\javapath;C:\oraclexe\app\oracle\product\11.2.0\server\bin;C:\Windows\system32;C:\Windows;C:\Windows\System32\Wbem;C:\Windows\System32\WindowsPowerShell\v1.0\;C:\Windows\System32\OpenSSH\;D:\Programas\;C:\ProgramData\chocolatey\bin;C:\composer;C:\Bitnami\wappstack-8.0.9-0\postgresql\pgAdmin 4\bin;C:\Program Files\Microsoft SQL Server\120\Tools\Binn\;C:\Program Files\Microsoft SQL Server\Client SDK\ODBC\110\Tools\Binn\;C:\Program Files (x86)\Microsoft SQL Server\120\Tools\Binn\;C:\Program Files\Microsoft SQL Server\120\DTS\Binn\;C:\Program Files (x86)\Microsoft SQL Server\120\Tools\Binn\ManagementStudio\;C:\Program Files (x86)\Microsoft SQL Server\120\DTS\Binn\;C:\Program Files\Microsoft SQL Server\150\Tools\Binn\;C:\Program Files\Microsoft SQL Server\Client SDK\ODBC\170\Tools\Binn\;D:\rational rose\common;C:\Program Files\dotnet\;"C:\P
USERNAME=BRAYAN
OS=Windows_NT
PROCESSOR_IDENTIFIER=Intel64 Family 6 Model 23 Stepping 10, GenuineIntel



---------------  S Y S T E M  ---------------

OS: Windows 10 , 64 bit Build 18362 (10.0.18362.329)

CPU:total 2 (initial active 2) (2 cores per cpu, 1 threads per core) family 6 model 23 stepping 10 microcode 0xa0c, cmov, cx8, fxsr, mmx, sse, sse2, sse3, ssse3, tsc

Memory: 4k page, system-wide physical 4061M (341M free)
TotalPageFile size 6109M (AvailPageFile size 7M)
current process WorkingSet (physical memory assigned to process): 109M, peak: 109M
current process commit charge ("private bytes"): 167M, peak: 167M

vm_info: Java HotSpot(TM) 64-Bit Server VM (11.0.12+8-LTS-237) for windows-amd64 JRE (11.0.12+8-LTS-237), built on Jun  8 2021 11:25:59 by "mach5one" with MS VC++ 15.9 (VS2017)

END.
